<?xml version="1.0" encoding="UTF-8"?>
<testng-results ignored="2" total="10" passed="7" failed="1" skipped="0">
  <reporter-output>
  </reporter-output>
  <suite started-at="2024-11-21T16:32:44 IST" name="WestGateSuite" finished-at="2024-11-21T16:36:59 IST" duration-ms="254849">
    <groups>
    </groups>
    <test started-at="2024-11-21T16:32:44 IST" name="Test" finished-at="2024-11-21T16:36:59 IST" duration-ms="254849">
      <class name="com.appiumdemo.WestGate">
        <test-method is-config="true" signature="beforeTest()[pri:0, instance:com.appiumdemo.WestGate@747ddf94]" started-at="2024-11-21T16:32:44 IST" name="beforeTest" finished-at="2024-11-21T16:32:44 IST" duration-ms="11" status="PASS">
          <reporter-output>
          </reporter-output>
        </test-method> <!-- beforeTest -->
        <test-method signature="launchingApp()[pri:0, instance:com.appiumdemo.WestGate@747ddf94]" started-at="2024-11-21T16:32:44 IST" name="launchingApp" finished-at="2024-11-21T16:33:15 IST" duration-ms="30452" status="PASS">
          <reporter-output>
          </reporter-output>
        </test-method> <!-- launchingApp -->
        <test-method signature="playerLogin()[pri:0, instance:com.appiumdemo.WestGate@747ddf94]" started-at="2024-11-21T16:33:15 IST" name="playerLogin" finished-at="2024-11-21T16:33:23 IST" duration-ms="8554" status="PASS">
          <reporter-output>
          </reporter-output>
        </test-method> <!-- playerLogin -->
        <test-method signature="StraightBetConfig()[pri:0, instance:com.appiumdemo.WestGate@747ddf94]" started-at="2024-11-21T16:33:23 IST" name="StraightBetConfig" finished-at="2024-11-21T16:34:03 IST" duration-ms="39266" status="PASS">
          <reporter-output>
          </reporter-output>
        </test-method> <!-- StraightBetConfig -->
        <test-method signature="ParlayBetConfig()[pri:0, instance:com.appiumdemo.WestGate@747ddf94]" started-at="2024-11-21T16:34:03 IST" name="ParlayBetConfig" finished-at="2024-11-21T16:34:49 IST" duration-ms="46064" status="PASS">
          <reporter-output>
          </reporter-output>
        </test-method> <!-- ParlayBetConfig -->
        <test-method signature="TeaserBetConfig()[pri:0, instance:com.appiumdemo.WestGate@747ddf94]" started-at="2024-11-21T16:34:49 IST" name="TeaserBetConfig" finished-at="2024-11-21T16:35:25 IST" duration-ms="36273" status="FAIL">
          <exception class="java.lang.AssertionError">
            <message>
              <![CDATA[Maximum risk amount is 0.00.]]>
            </message>
            <full-stacktrace>
              <![CDATA[java.lang.AssertionError: Maximum risk amount is 0.00.
at org.testng.Assert.fail(Assert.java:99)
at com.appiumdemo.WestGate.placingBet(WestGate.java:296)
at com.appiumdemo.WestGate.TeaserBetConfig(WestGate.java:523)
at java.base/jdk.internal.reflect.DirectMethodHandleAccessor.invoke(DirectMethodHandleAccessor.java:103)
at java.base/java.lang.reflect.Method.invoke(Method.java:580)
at org.testng.internal.MethodInvocationHelper.invokeMethod(MethodInvocationHelper.java:133)
at org.testng.internal.TestInvoker.invokeMethod(TestInvoker.java:598)
at org.testng.internal.TestInvoker.invokeTestMethod(TestInvoker.java:173)
at org.testng.internal.MethodRunner.runInSequence(MethodRunner.java:46)
at org.testng.internal.TestInvoker$MethodInvocationAgent.invoke(TestInvoker.java:824)
at org.testng.internal.TestInvoker.invokeTestMethods(TestInvoker.java:146)
at org.testng.internal.TestMethodWorker.invokeTestMethods(TestMethodWorker.java:146)
at org.testng.internal.TestMethodWorker.run(TestMethodWorker.java:128)
at java.base/java.util.ArrayList.forEach(ArrayList.java:1596)
at org.testng.TestRunner.privateRun(TestRunner.java:794)
at org.testng.TestRunner.run(TestRunner.java:596)
at org.testng.SuiteRunner.runTest(SuiteRunner.java:377)
at org.testng.SuiteRunner.runSequentially(SuiteRunner.java:371)
at org.testng.SuiteRunner.privateRun(SuiteRunner.java:332)
at org.testng.SuiteRunner.run(SuiteRunner.java:276)
at org.testng.SuiteRunnerWorker.runSuite(SuiteRunnerWorker.java:53)
at org.testng.SuiteRunnerWorker.run(SuiteRunnerWorker.java:96)
at org.testng.TestNG.runSuitesSequentially(TestNG.java:1212)
at org.testng.TestNG.runSuitesLocally(TestNG.java:1134)
at org.testng.TestNG.runSuites(TestNG.java:1063)
at org.testng.TestNG.run(TestNG.java:1031)
at org.testng.remote.AbstractRemoteTestNG.run(AbstractRemoteTestNG.java:115)
at org.testng.remote.RemoteTestNG.initAndRun(RemoteTestNG.java:293)
at org.testng.remote.RemoteTestNG.main(RemoteTestNG.java:91)
]]>
            </full-stacktrace>
          </exception> <!-- java.lang.AssertionError -->
          <reporter-output>
          </reporter-output>
        </test-method> <!-- TeaserBetConfig -->
        <test-method signature="Round_robinBetConfig()[pri:0, instance:com.appiumdemo.WestGate@747ddf94]" started-at="2024-11-21T16:35:25 IST" name="Round_robinBetConfig" finished-at="2024-11-21T16:36:19 IST" duration-ms="54352" status="PASS">
          <reporter-output>
          </reporter-output>
        </test-method> <!-- Round_robinBetConfig -->
        <test-method signature="TeaserBetWithWagerLimitOver()[pri:0, instance:com.appiumdemo.WestGate@747ddf94]" started-at="2024-11-21T16:36:19 IST" name="TeaserBetWithWagerLimitOver" finished-at="2024-11-21T16:36:56 IST" duration-ms="36212" status="PASS">
          <reporter-output>
          </reporter-output>
        </test-method> <!-- TeaserBetWithWagerLimitOver -->
        <test-method signature="logout()[pri:0, instance:com.appiumdemo.WestGate@747ddf94]" started-at="2024-11-21T16:36:56 IST" name="logout" finished-at="2024-11-21T16:36:59 IST" duration-ms="3618" status="PASS">
          <reporter-output>
          </reporter-output>
        </test-method> <!-- logout -->
      </class> <!-- com.appiumdemo.WestGate -->
    </test> <!-- Test -->
  </suite> <!-- WestGateSuite -->
</testng-results>
